{"/Volumes/ssd500/dev/javascript/fx/src/Fx.ts": {"path":"/Volumes/ssd500/dev/javascript/fx/src/Fx.ts","statementMap":{"0":{"start":{"line":1,"column":0},"end":{"line":1,"column":105}},"1":{"start":{"line":2,"column":0},"end":{"line":2,"column":51}},"2":{"start":{"line":8,"column":4},"end":{"line":8,"column":29}},"3":{"start":{"line":15,"column":4},"end":{"line":15,"column":28}},"4":{"start":{"line":19,"column":4},"end":{"line":19,"column":41}},"5":{"start":{"line":23,"column":4},"end":{"line":23,"column":44}},"6":{"start":{"line":30,"column":4},"end":{"line":30,"column":41}},"7":{"start":{"line":37,"column":4},"end":{"line":37,"column":34}},"8":{"start":{"line":41,"column":4},"end":{"line":41,"column":41}},"9":{"start":{"line":45,"column":4},"end":{"line":45,"column":45}},"10":{"start":{"line":49,"column":4},"end":{"line":49,"column":55}},"11":{"start":{"line":53,"column":4},"end":{"line":53,"column":45}},"12":{"start":{"line":60,"column":4},"end":{"line":60,"column":46}},"13":{"start":{"line":64,"column":4},"end":{"line":64,"column":51}},"14":{"start":{"line":68,"column":4},"end":{"line":68,"column":44}},"15":{"start":{"line":72,"column":4},"end":{"line":72,"column":51}},"16":{"start":{"line":76,"column":4},"end":{"line":76,"column":38}},"17":{"start":{"line":80,"column":28},"end":{"line":80,"column":63}},"18":{"start":{"line":81,"column":4},"end":{"line":81,"column":41}},"19":{"start":{"line":85,"column":4},"end":{"line":85,"column":44}},"20":{"start":{"line":93,"column":4},"end":{"line":93,"column":33}},"21":{"start":{"line":4,"column":0},"end":{"line":4,"column":13}}},"fnMap":{"0":{"name":"(anonymous_0)","decl":{"start":{"line":7,"column":2},"end":{"line":7,"column":14}},"loc":{"start":{"line":7,"column":35},"end":{"line":9,"column":3}}},"1":{"name":"(anonymous_1)","decl":{"start":{"line":14,"column":2},"end":{"line":14,"column":8}},"loc":{"start":{"line":14,"column":36},"end":{"line":16,"column":3}}},"2":{"name":"(anonymous_2)","decl":{"start":{"line":18,"column":2},"end":{"line":18,"column":5}},"loc":{"start":{"line":18,"column":27},"end":{"line":20,"column":3}}},"3":{"name":"(anonymous_3)","decl":{"start":{"line":22,"column":2},"end":{"line":22,"column":8}},"loc":{"start":{"line":22,"column":33},"end":{"line":24,"column":3}}},"4":{"name":"(anonymous_4)","decl":{"start":{"line":29,"column":2},"end":{"line":29,"column":6}},"loc":{"start":{"line":29,"column":16},"end":{"line":31,"column":3}}},"5":{"name":"(anonymous_5)","decl":{"start":{"line":36,"column":2},"end":{"line":36,"column":9}},"loc":{"start":{"line":36,"column":9},"end":{"line":38,"column":3}}},"6":{"name":"(anonymous_6)","decl":{"start":{"line":40,"column":2},"end":{"line":40,"column":9}},"loc":{"start":{"line":40,"column":34},"end":{"line":42,"column":3}}},"7":{"name":"(anonymous_7)","decl":{"start":{"line":44,"column":2},"end":{"line":44,"column":9}},"loc":{"start":{"line":44,"column":41},"end":{"line":46,"column":3}}},"8":{"name":"(anonymous_8)","decl":{"start":{"line":48,"column":2},"end":{"line":48,"column":5}},"loc":{"start":{"line":48,"column":33},"end":{"line":50,"column":3}}},"9":{"name":"(anonymous_9)","decl":{"start":{"line":52,"column":2},"end":{"line":52,"column":7}},"loc":{"start":{"line":52,"column":20},"end":{"line":54,"column":3}}},"10":{"name":"(anonymous_10)","decl":{"start":{"line":59,"column":2},"end":{"line":59,"column":8}},"loc":{"start":{"line":59,"column":49},"end":{"line":61,"column":3}}},"11":{"name":"(anonymous_11)","decl":{"start":{"line":63,"column":2},"end":{"line":63,"column":6}},"loc":{"start":{"line":63,"column":47},"end":{"line":65,"column":3}}},"12":{"name":"(anonymous_12)","decl":{"start":{"line":67,"column":2},"end":{"line":67,"column":7}},"loc":{"start":{"line":67,"column":42},"end":{"line":69,"column":3}}},"13":{"name":"(anonymous_13)","decl":{"start":{"line":71,"column":2},"end":{"line":71,"column":6}},"loc":{"start":{"line":71,"column":49},"end":{"line":73,"column":3}}},"14":{"name":"(anonymous_14)","decl":{"start":{"line":75,"column":2},"end":{"line":75,"column":6}},"loc":{"start":{"line":75,"column":6},"end":{"line":77,"column":3}}},"15":{"name":"(anonymous_15)","decl":{"start":{"line":79,"column":2},"end":{"line":79,"column":11}},"loc":{"start":{"line":79,"column":43},"end":{"line":82,"column":3}}},"16":{"name":"(anonymous_16)","decl":{"start":{"line":84,"column":2},"end":{"line":84,"column":3}},"loc":{"start":{"line":84,"column":19},"end":{"line":86,"column":3}}},"17":{"name":"(anonymous_17)","decl":{"start":{"line":92,"column":2},"end":{"line":92,"column":6}},"loc":{"start":{"line":92,"column":12},"end":{"line":94,"column":3}}}},"branchMap":{},"s":{"0":2,"1":2,"2":37,"3":37,"4":2,"5":2,"6":2,"7":18,"8":1,"9":1,"10":1,"11":1,"12":1,"13":1,"14":1,"15":2,"16":1,"17":1,"18":1,"19":2,"20":1,"21":2},"f":{"0":37,"1":37,"2":2,"3":2,"4":2,"5":18,"6":1,"7":1,"8":1,"9":1,"10":1,"11":1,"12":1,"13":2,"14":1,"15":1,"16":2,"17":1},"b":{}}
,"/Volumes/ssd500/dev/javascript/fx/src/evaluate/index.ts": {"path":"/Volumes/ssd500/dev/javascript/fx/src/evaluate/index.ts","statementMap":{"0":{"start":{"line":1,"column":0},"end":{"line":1,"column":9}},"1":{"start":{"line":5,"column":9},"end":{"line":1,"column":30}},"2":{"start":{"line":2,"column":0},"end":{"line":2,"column":9}},"3":{"start":{"line":5,"column":15},"end":{"line":2,"column":36}},"4":{"start":{"line":3,"column":0},"end":{"line":3,"column":9}},"5":{"start":{"line":5,"column":24},"end":{"line":3,"column":34}}},"fnMap":{"0":{"name":"(anonymous_0)","decl":{"start":{"line":5,"column":9},"end":{"line":5,"column":13}},"loc":{"start":{"line":5,"column":9},"end":{"line":1,"column":30}}},"1":{"name":"(anonymous_1)","decl":{"start":{"line":5,"column":15},"end":{"line":5,"column":22}},"loc":{"start":{"line":5,"column":15},"end":{"line":2,"column":36}}},"2":{"name":"(anonymous_2)","decl":{"start":{"line":5,"column":24},"end":{"line":5,"column":30}},"loc":{"start":{"line":5,"column":24},"end":{"line":3,"column":34}}}},"branchMap":{},"s":{"0":3,"1":7,"2":3,"3":23,"4":3,"5":5},"f":{"0":4,"1":20,"2":2},"b":{}}
,"/Volumes/ssd500/dev/javascript/fx/src/evaluate/reduce.ts": {"path":"/Volumes/ssd500/dev/javascript/fx/src/evaluate/reduce.ts","statementMap":{"0":{"start":{"line":1,"column":0},"end":{"line":1,"column":16}},"1":{"start":{"line":2,"column":12},"end":{"line":2,"column":19}},"2":{"start":{"line":3,"column":2},"end":{"line":5,"column":3}},"3":{"start":{"line":4,"column":4},"end":{"line":4,"column":24}},"4":{"start":{"line":6,"column":2},"end":{"line":6,"column":13}}},"fnMap":{"0":{"name":"reduce","decl":{"start":{"line":1,"column":16},"end":{"line":1,"column":22}},"loc":{"start":{"line":1,"column":85},"end":{"line":7,"column":1}}}},"branchMap":{},"s":{"0":4,"1":6,"2":6,"3":15,"4":6},"f":{"0":6},"b":{}}
,"/Volumes/ssd500/dev/javascript/fx/src/evaluate/take.ts": {"path":"/Volumes/ssd500/dev/javascript/fx/src/evaluate/take.ts","statementMap":{"0":{"start":{"line":1,"column":0},"end":{"line":1,"column":15}},"1":{"start":{"line":2,"column":10},"end":{"line":2,"column":11}},"2":{"start":{"line":3,"column":2},"end":{"line":6,"column":3}},"3":{"start":{"line":4,"column":4},"end":{"line":4,"column":24}},"4":{"start":{"line":4,"column":18},"end":{"line":4,"column":24}},"5":{"start":{"line":5,"column":4},"end":{"line":5,"column":15}}},"fnMap":{"0":{"name":"take","decl":{"start":{"line":1,"column":17},"end":{"line":1,"column":21}},"loc":{"start":{"line":1,"column":53},"end":{"line":7,"column":1}}}},"branchMap":{"0":{"loc":{"start":{"line":4,"column":4},"end":{"line":4,"column":24}},"type":"if","locations":[{"start":{"line":4,"column":4},"end":{"line":4,"column":24}}]}},"s":{"0":4,"1":6,"2":6,"3":18,"4":5,"5":13},"f":{"0":6},"b":{"0":[5]}}
,"/Volumes/ssd500/dev/javascript/fx/src/evaluate/toArray.ts": {"path":"/Volumes/ssd500/dev/javascript/fx/src/evaluate/toArray.ts","statementMap":{"0":{"start":{"line":1,"column":0},"end":{"line":1,"column":16}},"1":{"start":{"line":2,"column":2},"end":{"line":2,"column":19}}},"fnMap":{"0":{"name":"toArray","decl":{"start":{"line":1,"column":16},"end":{"line":1,"column":23}},"loc":{"start":{"line":1,"column":44},"end":{"line":3,"column":1}}}},"branchMap":{},"s":{"0":4,"1":21},"f":{"0":21},"b":{}}
,"/Volumes/ssd500/dev/javascript/fx/src/lazy/chunk.ts": {"path":"/Volumes/ssd500/dev/javascript/fx/src/lazy/chunk.ts","statementMap":{"0":{"start":{"line":1,"column":0},"end":{"line":1,"column":15}},"1":{"start":{"line":2,"column":20},"end":{"line":2,"column":22}},"2":{"start":{"line":3,"column":2},"end":{"line":9,"column":3}},"3":{"start":{"line":4,"column":4},"end":{"line":4,"column":22}},"4":{"start":{"line":5,"column":4},"end":{"line":8,"column":5}},"5":{"start":{"line":6,"column":6},"end":{"line":6,"column":19}},"6":{"start":{"line":7,"column":6},"end":{"line":7,"column":18}},"7":{"start":{"line":10,"column":2},"end":{"line":10,"column":38}},"8":{"start":{"line":10,"column":25},"end":{"line":10,"column":38}}},"fnMap":{"0":{"name":"chunk","decl":{"start":{"line":1,"column":17},"end":{"line":1,"column":22}},"loc":{"start":{"line":1,"column":57},"end":{"line":11,"column":1}}}},"branchMap":{"0":{"loc":{"start":{"line":5,"column":4},"end":{"line":8,"column":5}},"type":"if","locations":[{"start":{"line":5,"column":4},"end":{"line":8,"column":5}}]},"1":{"loc":{"start":{"line":10,"column":2},"end":{"line":10,"column":38}},"type":"if","locations":[{"start":{"line":10,"column":2},"end":{"line":10,"column":38}}]}},"s":{"0":4,"1":5,"2":5,"3":15,"4":15,"5":7,"6":7,"7":5,"8":3},"f":{"0":5},"b":{"0":[7],"1":[3]}}
,"/Volumes/ssd500/dev/javascript/fx/src/lazy/filter.ts": {"path":"/Volumes/ssd500/dev/javascript/fx/src/lazy/filter.ts","statementMap":{"0":{"start":{"line":1,"column":0},"end":{"line":1,"column":15}},"1":{"start":{"line":2,"column":2},"end":{"line":4,"column":3}},"2":{"start":{"line":3,"column":4},"end":{"line":3,"column":29}},"3":{"start":{"line":3,"column":18},"end":{"line":3,"column":29}}},"fnMap":{"0":{"name":"filter","decl":{"start":{"line":1,"column":17},"end":{"line":1,"column":23}},"loc":{"start":{"line":1,"column":70},"end":{"line":5,"column":1}}}},"branchMap":{"0":{"loc":{"start":{"line":3,"column":4},"end":{"line":3,"column":29}},"type":"if","locations":[{"start":{"line":3,"column":4},"end":{"line":3,"column":29}}]}},"s":{"0":4,"1":5,"2":24,"3":10},"f":{"0":5},"b":{"0":[10]}}
,"/Volumes/ssd500/dev/javascript/fx/src/lazy/flatMap.ts": {"path":"/Volumes/ssd500/dev/javascript/fx/src/lazy/flatMap.ts","statementMap":{"0":{"start":{"line":1,"column":0},"end":{"line":1,"column":15}},"1":{"start":{"line":2,"column":2},"end":{"line":6,"column":3}},"2":{"start":{"line":3,"column":4},"end":{"line":5,"column":5}},"3":{"start":{"line":4,"column":6},"end":{"line":4,"column":18}}},"fnMap":{"0":{"name":"flatMap","decl":{"start":{"line":1,"column":17},"end":{"line":1,"column":24}},"loc":{"start":{"line":1,"column":78},"end":{"line":7,"column":1}}}},"branchMap":{},"s":{"0":4,"1":4,"2":8,"3":21},"f":{"0":4},"b":{}}
,"/Volumes/ssd500/dev/javascript/fx/src/lazy/groupBy.ts": {"path":"/Volumes/ssd500/dev/javascript/fx/src/lazy/groupBy.ts","statementMap":{"0":{"start":{"line":1,"column":0},"end":{"line":1,"column":16}},"1":{"start":{"line":2,"column":14},"end":{"line":2,"column":31}},"2":{"start":{"line":4,"column":2},"end":{"line":10,"column":3}},"3":{"start":{"line":5,"column":16},"end":{"line":5,"column":27}},"4":{"start":{"line":6,"column":4},"end":{"line":8,"column":5}},"5":{"start":{"line":7,"column":6},"end":{"line":7,"column":23}},"6":{"start":{"line":9,"column":4},"end":{"line":9,"column":29}},"7":{"start":{"line":12,"column":2},"end":{"line":12,"column":13}}},"fnMap":{"0":{"name":"groupBy","decl":{"start":{"line":1,"column":16},"end":{"line":1,"column":23}},"loc":{"start":{"line":1,"column":70},"end":{"line":13,"column":1}}}},"branchMap":{"0":{"loc":{"start":{"line":6,"column":4},"end":{"line":8,"column":5}},"type":"if","locations":[{"start":{"line":6,"column":4},"end":{"line":8,"column":5}}]}},"s":{"0":4,"1":2,"2":2,"3":8,"4":8,"5":6,"6":8,"7":2},"f":{"0":2},"b":{"0":[6]}}
,"/Volumes/ssd500/dev/javascript/fx/src/lazy/index.ts": {"path":"/Volumes/ssd500/dev/javascript/fx/src/lazy/index.ts","statementMap":{"0":{"start":{"line":1,"column":0},"end":{"line":1,"column":9}},"1":{"start":{"line":14,"column":9},"end":{"line":1,"column":32}},"2":{"start":{"line":2,"column":0},"end":{"line":2,"column":9}},"3":{"start":{"line":14,"column":16},"end":{"line":2,"column":34}},"4":{"start":{"line":3,"column":0},"end":{"line":3,"column":9}},"5":{"start":{"line":14,"column":24},"end":{"line":3,"column":36}},"6":{"start":{"line":4,"column":0},"end":{"line":4,"column":9}},"7":{"start":{"line":14,"column":33},"end":{"line":4,"column":36}},"8":{"start":{"line":5,"column":0},"end":{"line":5,"column":9}},"9":{"start":{"line":14,"column":42},"end":{"line":5,"column":28}},"10":{"start":{"line":6,"column":0},"end":{"line":6,"column":9}},"11":{"start":{"line":14,"column":47},"end":{"line":6,"column":40}},"12":{"start":{"line":7,"column":0},"end":{"line":7,"column":9}},"13":{"start":{"line":14,"column":58},"end":{"line":7,"column":32}},"14":{"start":{"line":8,"column":0},"end":{"line":8,"column":9}},"15":{"start":{"line":14,"column":65},"end":{"line":8,"column":32}},"16":{"start":{"line":9,"column":0},"end":{"line":9,"column":9}},"17":{"start":{"line":14,"column":72},"end":{"line":9,"column":30}},"18":{"start":{"line":10,"column":0},"end":{"line":10,"column":9}},"19":{"start":{"line":14,"column":78},"end":{"line":10,"column":34}},"20":{"start":{"line":11,"column":0},"end":{"line":11,"column":9}},"21":{"start":{"line":14,"column":86},"end":{"line":11,"column":30}},"22":{"start":{"line":12,"column":0},"end":{"line":12,"column":9}},"23":{"start":{"line":14,"column":92},"end":{"line":12,"column":28}}},"fnMap":{"0":{"name":"(anonymous_0)","decl":{"start":{"line":14,"column":9},"end":{"line":14,"column":14}},"loc":{"start":{"line":14,"column":9},"end":{"line":1,"column":32}}},"1":{"name":"(anonymous_1)","decl":{"start":{"line":14,"column":16},"end":{"line":14,"column":22}},"loc":{"start":{"line":14,"column":16},"end":{"line":2,"column":34}}},"2":{"name":"(anonymous_2)","decl":{"start":{"line":14,"column":24},"end":{"line":14,"column":31}},"loc":{"start":{"line":14,"column":24},"end":{"line":3,"column":36}}},"3":{"name":"(anonymous_3)","decl":{"start":{"line":14,"column":33},"end":{"line":14,"column":40}},"loc":{"start":{"line":14,"column":33},"end":{"line":4,"column":36}}},"4":{"name":"(anonymous_4)","decl":{"start":{"line":14,"column":42},"end":{"line":14,"column":45}},"loc":{"start":{"line":14,"column":42},"end":{"line":5,"column":28}}},"5":{"name":"(anonymous_5)","decl":{"start":{"line":14,"column":47},"end":{"line":14,"column":56}},"loc":{"start":{"line":14,"column":47},"end":{"line":6,"column":40}}},"6":{"name":"(anonymous_6)","decl":{"start":{"line":14,"column":58},"end":{"line":14,"column":63}},"loc":{"start":{"line":14,"column":58},"end":{"line":7,"column":32}}},"7":{"name":"(anonymous_7)","decl":{"start":{"line":14,"column":65},"end":{"line":14,"column":70}},"loc":{"start":{"line":14,"column":65},"end":{"line":8,"column":32}}},"8":{"name":"(anonymous_8)","decl":{"start":{"line":14,"column":72},"end":{"line":14,"column":76}},"loc":{"start":{"line":14,"column":72},"end":{"line":9,"column":30}}},"9":{"name":"(anonymous_9)","decl":{"start":{"line":14,"column":78},"end":{"line":14,"column":84}},"loc":{"start":{"line":14,"column":78},"end":{"line":10,"column":34}}},"10":{"name":"(anonymous_10)","decl":{"start":{"line":14,"column":86},"end":{"line":14,"column":90}},"loc":{"start":{"line":14,"column":86},"end":{"line":11,"column":30}}},"11":{"name":"(anonymous_11)","decl":{"start":{"line":14,"column":92},"end":{"line":14,"column":95}},"loc":{"start":{"line":14,"column":92},"end":{"line":12,"column":28}}}},"branchMap":{},"s":{"0":3,"1":5,"2":3,"3":7,"4":3,"5":4,"6":3,"7":4,"8":3,"9":6,"10":3,"11":4,"12":3,"13":4,"14":3,"15":3,"16":3,"17":4,"18":3,"19":5,"20":3,"21":4,"22":3,"23":4},"f":{"0":2,"1":4,"2":1,"3":1,"4":3,"5":1,"6":1,"7":0,"8":1,"9":2,"10":1,"11":1},"b":{}}
,"/Volumes/ssd500/dev/javascript/fx/src/lazy/map.ts": {"path":"/Volumes/ssd500/dev/javascript/fx/src/lazy/map.ts","statementMap":{"0":{"start":{"line":1,"column":0},"end":{"line":1,"column":15}},"1":{"start":{"line":2,"column":2},"end":{"line":4,"column":3}},"2":{"start":{"line":3,"column":4},"end":{"line":3,"column":19}}},"fnMap":{"0":{"name":"map","decl":{"start":{"line":1,"column":17},"end":{"line":1,"column":20}},"loc":{"start":{"line":1,"column":64},"end":{"line":5,"column":1}}}},"branchMap":{},"s":{"0":4,"1":5,"2":12},"f":{"0":5},"b":{}}
,"/Volumes/ssd500/dev/javascript/fx/src/lazy/partition.ts": {"path":"/Volumes/ssd500/dev/javascript/fx/src/lazy/partition.ts","statementMap":{"0":{"start":{"line":1,"column":0},"end":{"line":1,"column":16}},"1":{"start":{"line":2,"column":22},"end":{"line":2,"column":24}},"2":{"start":{"line":3,"column":21},"end":{"line":3,"column":23}},"3":{"start":{"line":4,"column":2},"end":{"line":10,"column":3}},"4":{"start":{"line":5,"column":4},"end":{"line":9,"column":5}},"5":{"start":{"line":6,"column":6},"end":{"line":6,"column":24}},"6":{"start":{"line":8,"column":6},"end":{"line":8,"column":23}},"7":{"start":{"line":11,"column":2},"end":{"line":11,"column":25}}},"fnMap":{"0":{"name":"partition","decl":{"start":{"line":1,"column":16},"end":{"line":1,"column":25}},"loc":{"start":{"line":1,"column":79},"end":{"line":12,"column":1}}}},"branchMap":{"0":{"loc":{"start":{"line":5,"column":4},"end":{"line":9,"column":5}},"type":"if","locations":[{"start":{"line":5,"column":4},"end":{"line":9,"column":5}},{"start":{"line":7,"column":11},"end":{"line":9,"column":5}}]}},"s":{"0":4,"1":3,"2":3,"3":3,"4":10,"5":4,"6":6,"7":3},"f":{"0":3},"b":{"0":[4,6]}}
,"/Volumes/ssd500/dev/javascript/fx/src/lazy/pluck.ts": {"path":"/Volumes/ssd500/dev/javascript/fx/src/lazy/pluck.ts","statementMap":{"0":{"start":{"line":1,"column":0},"end":{"line":1,"column":15}},"1":{"start":{"line":2,"column":2},"end":{"line":4,"column":3}},"2":{"start":{"line":3,"column":4},"end":{"line":3,"column":20}}},"fnMap":{"0":{"name":"pluck","decl":{"start":{"line":1,"column":17},"end":{"line":1,"column":22}},"loc":{"start":{"line":1,"column":70},"end":{"line":5,"column":1}}}},"branchMap":{},"s":{"0":4,"1":3,"2":9},"f":{"0":3},"b":{}}
,"/Volumes/ssd500/dev/javascript/fx/src/lazy/range.ts": {"path":"/Volumes/ssd500/dev/javascript/fx/src/lazy/range.ts","statementMap":{"0":{"start":{"line":5,"column":0},"end":{"line":5,"column":15}},"1":{"start":{"line":6,"column":2},"end":{"line":9,"column":3}},"2":{"start":{"line":7,"column":4},"end":{"line":7,"column":16}},"3":{"start":{"line":8,"column":4},"end":{"line":8,"column":14}},"4":{"start":{"line":10,"column":2},"end":{"line":12,"column":3}},"5":{"start":{"line":11,"column":4},"end":{"line":11,"column":55}},"6":{"start":{"line":11,"column":17},"end":{"line":11,"column":22}},"7":{"start":{"line":11,"column":47},"end":{"line":11,"column":55}},"8":{"start":{"line":13,"column":2},"end":{"line":13,"column":53}},"9":{"start":{"line":13,"column":15},"end":{"line":13,"column":20}},"10":{"start":{"line":13,"column":45},"end":{"line":13,"column":53}}},"fnMap":{"0":{"name":"range","decl":{"start":{"line":5,"column":17},"end":{"line":5,"column":22}},"loc":{"start":{"line":5,"column":68},"end":{"line":14,"column":1}}}},"branchMap":{"0":{"loc":{"start":{"line":5,"column":52},"end":{"line":5,"column":68}},"type":"default-arg","locations":[{"start":{"line":5,"column":67},"end":{"line":5,"column":68}}]},"1":{"loc":{"start":{"line":6,"column":2},"end":{"line":9,"column":3}},"type":"if","locations":[{"start":{"line":6,"column":2},"end":{"line":9,"column":3}}]},"2":{"loc":{"start":{"line":10,"column":2},"end":{"line":12,"column":3}},"type":"if","locations":[{"start":{"line":10,"column":2},"end":{"line":12,"column":3}}]}},"s":{"0":6,"1":8,"2":1,"3":1,"4":8,"5":1,"6":1,"7":5,"8":8,"9":8,"10":25},"f":{"0":8},"b":{"0":[5],"1":[1],"2":[1]}}
,"/Volumes/ssd500/dev/javascript/fx/src/lazy/scan.ts": {"path":"/Volumes/ssd500/dev/javascript/fx/src/lazy/scan.ts","statementMap":{"0":{"start":{"line":1,"column":0},"end":{"line":1,"column":15}},"1":{"start":{"line":2,"column":12},"end":{"line":2,"column":19}},"2":{"start":{"line":3,"column":2},"end":{"line":3,"column":12}},"3":{"start":{"line":4,"column":2},"end":{"line":7,"column":3}},"4":{"start":{"line":5,"column":4},"end":{"line":5,"column":24}},"5":{"start":{"line":6,"column":4},"end":{"line":6,"column":14}}},"fnMap":{"0":{"name":"scan","decl":{"start":{"line":1,"column":17},"end":{"line":1,"column":21}},"loc":{"start":{"line":1,"column":84},"end":{"line":8,"column":1}}}},"branchMap":{},"s":{"0":4,"1":3,"2":3,"3":3,"4":6,"5":6},"f":{"0":3},"b":{}}
,"/Volumes/ssd500/dev/javascript/fx/src/lazy/sortBy.ts": {"path":"/Volumes/ssd500/dev/javascript/fx/src/lazy/sortBy.ts","statementMap":{"0":{"start":{"line":1,"column":0},"end":{"line":1,"column":16}},"1":{"start":{"line":2,"column":2},"end":{"line":2,"column":23}},"2":{"start":{"line":2,"column":13},"end":{"line":2,"column":23}},"3":{"start":{"line":3,"column":2},"end":{"line":3,"column":35}}},"fnMap":{"0":{"name":"sortBy","decl":{"start":{"line":1,"column":16},"end":{"line":1,"column":22}},"loc":{"start":{"line":1,"column":88},"end":{"line":4,"column":1}}}},"branchMap":{"0":{"loc":{"start":{"line":2,"column":2},"end":{"line":2,"column":23}},"type":"if","locations":[{"start":{"line":2,"column":2},"end":{"line":2,"column":23}}]}},"s":{"0":4,"1":5,"2":1,"3":4},"f":{"0":5},"b":{"0":[1]}}
,"/Volumes/ssd500/dev/javascript/fx/src/lazy/uniq.ts": {"path":"/Volumes/ssd500/dev/javascript/fx/src/lazy/uniq.ts","statementMap":{"0":{"start":{"line":1,"column":0},"end":{"line":1,"column":16}},"1":{"start":{"line":2,"column":15},"end":{"line":2,"column":27}},"2":{"start":{"line":3,"column":22},"end":{"line":3,"column":24}},"3":{"start":{"line":4,"column":2},"end":{"line":9,"column":3}},"4":{"start":{"line":5,"column":4},"end":{"line":8,"column":5}},"5":{"start":{"line":6,"column":6},"end":{"line":6,"column":21}},"6":{"start":{"line":7,"column":6},"end":{"line":7,"column":24}},"7":{"start":{"line":10,"column":2},"end":{"line":10,"column":16}}},"fnMap":{"0":{"name":"uniq","decl":{"start":{"line":1,"column":16},"end":{"line":1,"column":20}},"loc":{"start":{"line":1,"column":41},"end":{"line":11,"column":1}}}},"branchMap":{"0":{"loc":{"start":{"line":5,"column":4},"end":{"line":8,"column":5}},"type":"if","locations":[{"start":{"line":5,"column":4},"end":{"line":8,"column":5}}]}},"s":{"0":4,"1":3,"2":3,"3":3,"4":19,"5":15,"6":15,"7":3},"f":{"0":3},"b":{"0":[15]}}
,"/Volumes/ssd500/dev/javascript/fx/src/lazy/zip.ts": {"path":"/Volumes/ssd500/dev/javascript/fx/src/lazy/zip.ts","statementMap":{"0":{"start":{"line":1,"column":0},"end":{"line":1,"column":15}},"1":{"start":{"line":2,"column":20},"end":{"line":2,"column":60}},"2":{"start":{"line":2,"column":38},"end":{"line":2,"column":59}},"3":{"start":{"line":3,"column":2},"end":{"line":7,"column":3}},"4":{"start":{"line":4,"column":20},"end":{"line":4,"column":52}},"5":{"start":{"line":4,"column":42},"end":{"line":4,"column":51}},"6":{"start":{"line":5,"column":4},"end":{"line":5,"column":44}},"7":{"start":{"line":5,"column":28},"end":{"line":5,"column":34}},"8":{"start":{"line":5,"column":37},"end":{"line":5,"column":44}},"9":{"start":{"line":6,"column":4},"end":{"line":6,"column":38}},"10":{"start":{"line":6,"column":29},"end":{"line":6,"column":36}}},"fnMap":{"0":{"name":"zip","decl":{"start":{"line":1,"column":17},"end":{"line":1,"column":20}},"loc":{"start":{"line":1,"column":47},"end":{"line":8,"column":1}}},"1":{"name":"(anonymous_1)","decl":{"start":{"line":2,"column":30},"end":{"line":2,"column":31}},"loc":{"start":{"line":2,"column":38},"end":{"line":2,"column":59}}},"2":{"name":"(anonymous_2)","decl":{"start":{"line":4,"column":34},"end":{"line":4,"column":35}},"loc":{"start":{"line":4,"column":42},"end":{"line":4,"column":51}}},"3":{"name":"(anonymous_3)","decl":{"start":{"line":5,"column":21},"end":{"line":5,"column":22}},"loc":{"start":{"line":5,"column":28},"end":{"line":5,"column":34}}},"4":{"name":"(anonymous_4)","decl":{"start":{"line":6,"column":22},"end":{"line":6,"column":23}},"loc":{"start":{"line":6,"column":29},"end":{"line":6,"column":36}}}},"branchMap":{"0":{"loc":{"start":{"line":5,"column":4},"end":{"line":5,"column":44}},"type":"if","locations":[{"start":{"line":5,"column":4},"end":{"line":5,"column":44}}]}},"s":{"0":4,"1":5,"2":11,"3":5,"4":16,"5":36,"6":16,"7":30,"8":5,"9":11,"10":25},"f":{"0":5,"1":11,"2":36,"3":30,"4":25},"b":{"0":[5]}}
}
