{"/Users/min/dev/javascript/fx/src/array/filter.ts": {"path":"/Users/min/dev/javascript/fx/src/array/filter.ts","statementMap":{"0":{"start":{"line":1,"column":0},"end":{"line":1,"column":15}},"1":{"start":{"line":2,"column":2},"end":{"line":4,"column":3}},"2":{"start":{"line":3,"column":4},"end":{"line":3,"column":29}},"3":{"start":{"line":3,"column":18},"end":{"line":3,"column":29}}},"fnMap":{"0":{"name":"filter","decl":{"start":{"line":1,"column":17},"end":{"line":1,"column":23}},"loc":{"start":{"line":1,"column":70},"end":{"line":5,"column":1}}}},"branchMap":{"0":{"loc":{"start":{"line":3,"column":4},"end":{"line":3,"column":29}},"type":"if","locations":[{"start":{"line":3,"column":4},"end":{"line":3,"column":29}}]}},"s":{"0":1,"1":2,"2":9,"3":2},"f":{"0":2},"b":{"0":[2]}}
,"/Users/min/dev/javascript/fx/src/array/group.ts": {"path":"/Users/min/dev/javascript/fx/src/array/group.ts","statementMap":{"0":{"start":{"line":1,"column":0},"end":{"line":1,"column":16}},"1":{"start":{"line":2,"column":14},"end":{"line":2,"column":31}},"2":{"start":{"line":4,"column":2},"end":{"line":10,"column":3}},"3":{"start":{"line":5,"column":16},"end":{"line":5,"column":27}},"4":{"start":{"line":6,"column":4},"end":{"line":8,"column":5}},"5":{"start":{"line":7,"column":6},"end":{"line":7,"column":23}},"6":{"start":{"line":9,"column":4},"end":{"line":9,"column":29}},"7":{"start":{"line":12,"column":2},"end":{"line":12,"column":13}}},"fnMap":{"0":{"name":"group","decl":{"start":{"line":1,"column":16},"end":{"line":1,"column":21}},"loc":{"start":{"line":1,"column":68},"end":{"line":13,"column":1}}}},"branchMap":{"0":{"loc":{"start":{"line":6,"column":4},"end":{"line":8,"column":5}},"type":"if","locations":[{"start":{"line":6,"column":4},"end":{"line":8,"column":5}}]}},"s":{"0":1,"1":1,"2":1,"3":4,"4":4,"5":3,"6":4,"7":1},"f":{"0":1},"b":{"0":[3]}}
,"/Users/min/dev/javascript/fx/src/array/map.ts": {"path":"/Users/min/dev/javascript/fx/src/array/map.ts","statementMap":{"0":{"start":{"line":1,"column":0},"end":{"line":1,"column":15}},"1":{"start":{"line":2,"column":2},"end":{"line":4,"column":3}},"2":{"start":{"line":3,"column":4},"end":{"line":3,"column":19}}},"fnMap":{"0":{"name":"map","decl":{"start":{"line":1,"column":17},"end":{"line":1,"column":20}},"loc":{"start":{"line":1,"column":64},"end":{"line":5,"column":1}}}},"branchMap":{},"s":{"0":1,"1":2,"2":3},"f":{"0":2},"b":{}}
,"/Users/min/dev/javascript/fx/src/array/take.ts": {"path":"/Users/min/dev/javascript/fx/src/array/take.ts","statementMap":{"0":{"start":{"line":1,"column":0},"end":{"line":1,"column":15}},"1":{"start":{"line":2,"column":10},"end":{"line":2,"column":11}},"2":{"start":{"line":3,"column":2},"end":{"line":6,"column":3}},"3":{"start":{"line":4,"column":4},"end":{"line":4,"column":24}},"4":{"start":{"line":4,"column":18},"end":{"line":4,"column":24}},"5":{"start":{"line":5,"column":4},"end":{"line":5,"column":15}}},"fnMap":{"0":{"name":"take","decl":{"start":{"line":1,"column":17},"end":{"line":1,"column":21}},"loc":{"start":{"line":1,"column":53},"end":{"line":7,"column":1}}}},"branchMap":{"0":{"loc":{"start":{"line":4,"column":4},"end":{"line":4,"column":24}},"type":"if","locations":[{"start":{"line":4,"column":4},"end":{"line":4,"column":24}}]}},"s":{"0":1,"1":3,"2":3,"3":8,"4":2,"5":6},"f":{"0":3},"b":{"0":[2]}}
,"/Users/min/dev/javascript/fx/src/array/toArray.ts": {"path":"/Users/min/dev/javascript/fx/src/array/toArray.ts","statementMap":{"0":{"start":{"line":1,"column":0},"end":{"line":1,"column":16}},"1":{"start":{"line":2,"column":2},"end":{"line":2,"column":19}}},"fnMap":{"0":{"name":"toArray","decl":{"start":{"line":1,"column":16},"end":{"line":1,"column":23}},"loc":{"start":{"line":1,"column":44},"end":{"line":3,"column":1}}}},"branchMap":{},"s":{"0":1,"1":2},"f":{"0":2},"b":{}}
,"/Users/min/dev/javascript/fx/src/iter/range.ts": {"path":"/Users/min/dev/javascript/fx/src/iter/range.ts","statementMap":{"0":{"start":{"line":5,"column":0},"end":{"line":5,"column":15}},"1":{"start":{"line":6,"column":2},"end":{"line":9,"column":3}},"2":{"start":{"line":7,"column":4},"end":{"line":7,"column":16}},"3":{"start":{"line":8,"column":4},"end":{"line":8,"column":14}},"4":{"start":{"line":10,"column":2},"end":{"line":12,"column":3}},"5":{"start":{"line":11,"column":4},"end":{"line":11,"column":55}},"6":{"start":{"line":11,"column":17},"end":{"line":11,"column":22}},"7":{"start":{"line":11,"column":47},"end":{"line":11,"column":55}},"8":{"start":{"line":13,"column":2},"end":{"line":13,"column":53}},"9":{"start":{"line":13,"column":15},"end":{"line":13,"column":20}},"10":{"start":{"line":13,"column":45},"end":{"line":13,"column":53}}},"fnMap":{"0":{"name":"range","decl":{"start":{"line":5,"column":17},"end":{"line":5,"column":22}},"loc":{"start":{"line":5,"column":68},"end":{"line":14,"column":1}}}},"branchMap":{"0":{"loc":{"start":{"line":5,"column":52},"end":{"line":5,"column":68}},"type":"default-arg","locations":[{"start":{"line":5,"column":67},"end":{"line":5,"column":68}}]},"1":{"loc":{"start":{"line":6,"column":2},"end":{"line":9,"column":3}},"type":"if","locations":[{"start":{"line":6,"column":2},"end":{"line":9,"column":3}}]},"2":{"loc":{"start":{"line":10,"column":2},"end":{"line":12,"column":3}},"type":"if","locations":[{"start":{"line":10,"column":2},"end":{"line":12,"column":3}}]}},"s":{"0":4,"1":7,"2":1,"3":1,"4":7,"5":0,"6":0,"7":0,"8":7,"9":7,"10":25},"f":{"0":7},"b":{"0":[6],"1":[1],"2":[0]}}
}
